<?xml version="1.0" encoding="UTF-8"?>
<!-- Generated by org.testng.reporters.JUnitReportReporter -->
<testsuite hostname="ADMINRG-KGQ9CML" failures="0" tests="1" name="Tests.LoginTest" time="4.540" errors="0" timestamp="2023-10-02T08:16:59 CEST" skipped="0">
  <testcase classname="Tests.LoginTest" name="login" time="4.540"/>
  <system-out/>
</testsuite> <!-- Tests.LoginTest -->
