<?xml version="1.0" encoding="UTF-8"?>
<!-- Generated by org.testng.reporters.JUnitReportReporter -->
<testsuite hostname="ADMINRG-KGQ9CML" failures="0" tests="1" name="Runner.runner" time="7.784" errors="0" timestamp="2023-10-02T21:20:33 CEST" skipped="0">
  <testcase classname="Runner.runner" name="runScenario" time="7.784"/>
  <system-out/>
</testsuite> <!-- Runner.runner -->
