<?xml version="1.0" encoding="UTF-8"?>
<!-- Generated by org.testng.reporters.JUnitReportReporter -->
<testsuite hostname="ADMINRG-KGQ9CML" failures="0" tests="1" name="Tests.LoginTest" time="5.089" errors="0" timestamp="2023-10-01T16:10:44 CEST" skipped="0">
  <testcase classname="Tests.LoginTest" name="login" time="5.089"/>
  <system-out/>
</testsuite> <!-- Tests.LoginTest -->
